<?xml version="1.0" encoding="UTF-8"?>
<!-- Generated by org.testng.reporters.JUnitReportReporter -->
<testsuite hostname="LAPTOP-GGQ96VIC" failures="0" tests="1" name="features.Categories" time="12.029" errors="0" timestamp="2022-11-11T15:34:38 IST" skipped="0">
  <testcase classname="features.Categories" name="CategoriesListTest" time="12.029"/>
  <system-out/>
</testsuite> <!-- features.Categories -->
