<?xml version="1.0" encoding="UTF-8"?>
<!-- Generated by org.testng.reporters.JUnitReportReporter -->
<testsuite hostname="LAPTOP-GGQ96VIC" failures="0" tests="1" name="features.ContactForm" time="40.298" errors="0" timestamp="2022-11-11T16:11:53 IST" skipped="0">
  <testcase classname="features.ContactForm" name="ContactFormTest" time="40.298"/>
  <system-out/>
</testsuite> <!-- features.ContactForm -->
