<?xml version="1.0" encoding="UTF-8"?>
<!-- Generated by org.testng.reporters.JUnitReportReporter -->
<testsuite hostname="LAPTOP-GGQ96VIC" failures="0" tests="1" name="Tests.PayOnline_workflow" time="68.087" errors="0" timestamp="2023-01-05T14:15:42 IST" skipped="0">
  <testcase classname="Tests.PayOnline_workflow" name="PayOnlineTest" time="68.087"/>
  <system-out/>
</testsuite> <!-- Tests.PayOnline_workflow -->
