<?xml version="1.0" encoding="UTF-8"?>
<!-- Generated by org.testng.reporters.JUnitReportReporter -->
<testsuite hostname="LAPTOP-GGQ96VIC" failures="0" tests="1" name="features.Categories" time="9.762" errors="0" timestamp="2022-11-22T11:41:13 IST" skipped="0">
  <testcase classname="features.Categories" name="CategoriesListTest" time="9.762"/>
  <system-out/>
</testsuite> <!-- features.Categories -->
