<?xml version="1.0" encoding="UTF-8"?>
<!-- Generated by org.testng.reporters.JUnitReportReporter -->
<testsuite hostname="LAPTOP-GGQ96VIC" failures="0" tests="1" name="KapivaAppUserWorkflows.KapivaAppUserWorkflow_COD" time="35.981" errors="0" timestamp="2022-11-23T14:57:16 IST" skipped="0">
  <testcase classname="KapivaAppUserWorkflows.KapivaAppUserWorkflow_COD" name="UserWokflow_COD" time="35.981"/>
  <system-out/>
</testsuite> <!-- KapivaAppUserWorkflows.KapivaAppUserWorkflow_COD -->
