<?xml version="1.0" encoding="UTF-8"?>
<!-- Generated by org.testng.reporters.JUnitReportReporter -->
<testsuite hostname="LAPTOP-GGQ96VIC" failures="0" tests="1" name="features.Logout" time="18.217" errors="0" timestamp="2022-11-23T11:49:22 IST" skipped="0">
  <testcase classname="features.Logout" name="LogoutTest" time="18.217"/>
  <system-out/>
</testsuite> <!-- features.Logout -->
