<?xml version="1.0" encoding="UTF-8"?>
<!-- Generated by org.testng.reporters.JUnitReportReporter -->
<testsuite hostname="LAPTOP-GGQ96VIC" failures="0" tests="1" name="KapivaAppUserWorkflows.KapivaAppUserWorkflow_PayOnline" time="36.709" errors="0" timestamp="2022-11-23T15:11:11 IST" skipped="0">
  <testcase classname="KapivaAppUserWorkflows.KapivaAppUserWorkflow_PayOnline" name="UserWokflow_PayOnline" time="36.709"/>
  <system-out/>
</testsuite> <!-- KapivaAppUserWorkflows.KapivaAppUserWorkflow_PayOnline -->
