<?xml version="1.0" encoding="UTF-8"?>
<!-- Generated by org.testng.reporters.JUnitReportReporter -->
<testsuite hostname="LAPTOP-GGQ96VIC" failures="0" tests="1" name="Tests.BuyNow" time="55.920" errors="0" timestamp="2023-01-06T11:30:07 IST" skipped="0">
  <testcase classname="Tests.BuyNow" name="LoginTest" time="55.920"/>
  <system-out/>
</testsuite> <!-- Tests.BuyNow -->
