<?xml version="1.0" encoding="UTF-8"?>
<!-- Generated by org.testng.reporters.JUnitReportReporter -->
<testsuite hostname="LAPTOP-GGQ96VIC" failures="0" tests="1" name="KapivaAppUserWorkflows.KapivaAppUserWorkflow" time="37.536" errors="0" timestamp="2022-11-23T12:51:10 IST" skipped="0">
  <testcase classname="KapivaAppUserWorkflows.KapivaAppUserWorkflow" name="UserWokflow_PayOnline" time="37.536"/>
  <system-out/>
</testsuite> <!-- KapivaAppUserWorkflows.KapivaAppUserWorkflow -->
