<?xml version="1.0" encoding="UTF-8"?>
<!-- Generated by org.testng.reporters.JUnitReportReporter -->
<testsuite hostname="LAPTOP-GGQ96VIC" failures="0" tests="1" name="features.TrackOrder" time="14.459" errors="0" timestamp="2022-11-11T16:11:53 IST" skipped="0">
  <testcase classname="features.TrackOrder" name="TrackOrderTest" time="14.459"/>
  <system-out/>
</testsuite> <!-- features.TrackOrder -->
