<?xml version="1.0" encoding="UTF-8"?>
<!-- Generated by org.testng.reporters.JUnitReportReporter -->
<testsuite hostname="LAPTOP-GGQ96VIC" failures="0" tests="1" name="AppWorkflows.KapivaAppUserWorkflow_PayOnline" time="52.371" errors="0" timestamp="2022-12-06T10:54:23 IST" skipped="0">
  <testcase classname="AppWorkflows.KapivaAppUserWorkflow_PayOnline" name="UserWokflow_PayOnline" time="52.371"/>
  <system-out/>
</testsuite> <!-- AppWorkflows.KapivaAppUserWorkflow_PayOnline -->
