<?xml version="1.0" encoding="UTF-8"?>
<!-- Generated by org.testng.reporters.JUnitReportReporter -->
<testsuite hostname="LAPTOP-GGQ96VIC" failures="0" tests="1" name="KapivaMobileAutomation.Logout" time="24.595" errors="0" timestamp="2022-11-02T15:18:36 IST" skipped="0">
  <testcase classname="KapivaMobileAutomation.Logout" name="LogoutTest" time="24.595"/>
  <system-out/>
</testsuite> <!-- KapivaMobileAutomation.Logout -->
