<?xml version="1.0" encoding="UTF-8"?>
<!-- Generated by org.testng.reporters.JUnitReportReporter -->
<testsuite hostname="LAPTOP-GGQ96VIC" failures="0" tests="1" name="AppWorkflows.KapivaAppUserWorkflow_COD" time="59.281" errors="0" timestamp="2022-11-30T14:48:11 IST" skipped="0">
  <testcase classname="AppWorkflows.KapivaAppUserWorkflow_COD" name="UserWokflow_COD" time="59.281"/>
  <system-out/>
</testsuite> <!-- AppWorkflows.KapivaAppUserWorkflow_COD -->
