<?xml version="1.0" encoding="UTF-8"?>
<!-- Generated by org.testng.reporters.JUnitReportReporter -->
<testsuite hostname="LAPTOP-GGQ96VIC" failures="0" tests="1" name="features.PDPSpeed" time="13.157" errors="0" timestamp="2022-11-29T15:13:55 IST" skipped="0">
  <testcase classname="features.PDPSpeed" name="PDpTest" time="13.157"/>
  <system-out/>
</testsuite> <!-- features.PDPSpeed -->
