<?xml version="1.0" encoding="UTF-8"?>
<!-- Generated by org.testng.reporters.JUnitReportReporter -->
<testsuite hostname="LAPTOP-GGQ96VIC" failures="0" tests="1" name="Tests.PayOnline_workflow" time="78.502" errors="0" timestamp="2023-01-06T15:57:20 IST" skipped="0">
  <testcase classname="Tests.PayOnline_workflow" name="PayOnlineTest" time="78.502"/>
  <system-out/>
</testsuite> <!-- Tests.PayOnline_workflow -->
