<?xml version="1.0" encoding="UTF-8"?>
<!-- Generated by org.testng.reporters.JUnitReportReporter -->
<testsuite hostname="LAPTOP-GGQ96VIC" failures="0" tests="1" name="Tests.Login" time="33.029" errors="0" timestamp="2023-01-06T16:08:02 IST" skipped="0">
  <testcase classname="Tests.Login" name="LoginTest" time="33.029"/>
  <system-out/>
</testsuite> <!-- Tests.Login -->
