<?xml version="1.0" encoding="UTF-8"?>
<!-- Generated by org.testng.reporters.JUnitReportReporter -->
<testsuite hostname="LAPTOP-GGQ96VIC" failures="0" tests="1" name="Tests.Login" time="19.434" errors="0" timestamp="2022-12-22T12:47:22 IST" skipped="0">
  <testcase classname="Tests.Login" name="LoginTest" time="19.434"/>
  <system-out/>
</testsuite> <!-- Tests.Login -->
