<?xml version="1.0" encoding="UTF-8"?>
<!-- Generated by org.testng.reporters.JUnitReportReporter -->
<testsuite hostname="LAPTOP-GGQ96VIC" failures="0" tests="1" name="KapivaMobileAutomation.Login" time="21.835" errors="0" timestamp="2022-11-02T15:13:15 IST" skipped="0">
  <testcase classname="KapivaMobileAutomation.Login" name="ValidTest" time="21.835"/>
  <system-out/>
</testsuite> <!-- KapivaMobileAutomation.Login -->
