<?xml version="1.0" encoding="UTF-8"?>
<!-- Generated by org.testng.reporters.JUnitReportReporter -->
<testsuite hostname="LAPTOP-GGQ96VIC" failures="0" tests="1" name="Tests.AppLogin" time="17.425" errors="0" timestamp="2023-01-12T14:34:03 IST" skipped="0">
  <testcase classname="Tests.AppLogin" name="AppLoginTest" time="17.425"/>
  <system-out/>
</testsuite> <!-- Tests.AppLogin -->
