<?xml version="1.0" encoding="UTF-8"?>
<!-- Generated by org.testng.reporters.JUnitReportReporter -->
<testsuite hostname="LAPTOP-GGQ96VIC" failures="0" tests="1" name="KapivaMobileAutomation.TrackOrder" time="14.755" errors="0" timestamp="2022-11-02T15:31:00 IST" skipped="0">
  <testcase classname="KapivaMobileAutomation.TrackOrder" name="TrackOrderTest" time="14.755"/>
  <system-out/>
</testsuite> <!-- KapivaMobileAutomation.TrackOrder -->
