<?xml version="1.0" encoding="UTF-8"?>
<!-- Generated by org.testng.reporters.JUnitReportReporter -->
<testsuite hostname="LAPTOP-GGQ96VIC" failures="0" tests="1" name="features.Login" time="22.621" errors="0" timestamp="2022-12-07T14:42:36 IST" skipped="0">
  <testcase classname="features.Login" name="LoginTest" time="22.621"/>
  <system-out/>
</testsuite> <!-- features.Login -->
