<?xml version="1.0" encoding="UTF-8"?>
<!-- Generated by org.testng.reporters.JUnitReportReporter -->
<testsuite hostname="LAPTOP-GGQ96VIC" failures="0" tests="1" name="Tests.AppLogin" time="17.419" errors="0" timestamp="2023-01-10T13:15:22 IST" skipped="0">
  <testcase classname="Tests.AppLogin" name="AppLoginTest" time="17.419"/>
  <system-out/>
</testsuite> <!-- Tests.AppLogin -->
