<?xml version="1.0" encoding="UTF-8"?>
<!-- Generated by org.testng.reporters.JUnitReportReporter -->
<testsuite hostname="LAPTOP-GGQ96VIC" failures="0" tests="1" name="features.TrackOrder" time="9.964" errors="0" timestamp="2022-11-23T11:49:22 IST" skipped="0">
  <testcase classname="features.TrackOrder" name="TrackOrderTest" time="9.964"/>
  <system-out/>
</testsuite> <!-- features.TrackOrder -->
