<?xml version="1.0" encoding="UTF-8"?>
<!-- Generated by org.testng.reporters.JUnitReportReporter -->
<testsuite skipped="0" hostname="LAPTOP-GGQ96VIC" name="Tests.PayOnline_workflow" tests="1" failures="0" timestamp="2023-01-06T11:37:58 IST" time="80.971" errors="0">
  <testcase name="PayOnlineTest" time="80.971" classname="Tests.PayOnline_workflow"/>
  <system-out/>
</testsuite> <!-- Tests.PayOnline_workflow -->
