<?xml version="1.0" encoding="UTF-8"?>
<!-- Generated by org.testng.reporters.JUnitReportReporter -->
<testsuite skipped="0" hostname="LAPTOP-GGQ96VIC" name="Tests.Login" tests="1" failures="0" timestamp="2022-12-21T17:41:42 IST" time="42.823" errors="0">
  <testcase name="LoginTest" time="42.823" classname="Tests.Login"/>
  <system-out/>
</testsuite> <!-- Tests.Login -->
