<?xml version="1.0" encoding="UTF-8"?>
<!-- Generated by org.testng.reporters.JUnitReportReporter -->
<testsuite skipped="0" hostname="LAPTOP-GGQ96VIC" name="Tests.BuyNow" tests="1" failures="0" timestamp="2023-01-10T16:51:59 IST" time="15.284" errors="0">
  <testcase name="BuyNowTest" time="15.284" classname="Tests.BuyNow"/>
  <system-out/>
</testsuite> <!-- Tests.BuyNow -->
