<?xml version="1.0" encoding="UTF-8"?>
<!-- Generated by org.testng.reporters.JUnitReportReporter -->
<testsuite skipped="0" hostname="LAPTOP-GGQ96VIC" name="Tests.CheckOut" tests="1" failures="0" timestamp="2023-01-10T16:51:59 IST" time="37.513" errors="0">
  <testcase name="CheckOutTest" time="37.513" classname="Tests.CheckOut"/>
  <system-out/>
</testsuite> <!-- Tests.CheckOut -->
