<?xml version="1.0" encoding="UTF-8"?>
<!-- Generated by org.testng.reporters.JUnitReportReporter -->
<testsuite skipped="0" hostname="LAPTOP-GGQ96VIC" name="Tests.PayOnline_workflow" tests="1" failures="0" timestamp="2022-12-22T16:54:19 IST" time="53.709" errors="0">
  <testcase name="PayOnlineTest" time="53.709" classname="Tests.PayOnline_workflow"/>
  <system-out/>
</testsuite> <!-- Tests.PayOnline_workflow -->
