<?xml version="1.0" encoding="UTF-8"?>
<!-- Generated by org.testng.reporters.JUnitReportReporter -->
<testsuite skipped="0" hostname="LAPTOP-GGQ96VIC" name="Tests.Login" tests="1" failures="0" timestamp="2022-12-22T12:58:39 IST" time="19.808" errors="0">
  <testcase name="LoginTest" time="19.808" classname="Tests.Login"/>
  <system-out/>
</testsuite> <!-- Tests.Login -->
